<?xml version="1.0" encoding="UTF-8"?>
<testng-results ignored="0" total="1" passed="1" failed="0" skipped="0">
  <reporter-output>
  </reporter-output>
  <suite started-at="2022-10-12T07:29:51 GMT-07:00" name="Default suite" finished-at="2022-10-12T07:29:51 GMT-07:00" duration-ms="221">
    <groups>
    </groups>
    <test started-at="2022-10-12T07:29:51 GMT-07:00" name="Default test" finished-at="2022-10-12T07:29:51 GMT-07:00" duration-ms="221">
      <class name="pk_Selenium.Calling_DB_BaseClass">
        <test-method signature="readDB()[pri:0, instance:pk_Selenium.Calling_DB_BaseClass@741a8937]" started-at="2022-10-12T07:29:51 GMT-07:00" name="readDB" finished-at="2022-10-12T07:29:51 GMT-07:00" duration-ms="48" status="PASS">
          <reporter-output>
          </reporter-output>
        </test-method> <!-- readDB -->
      </class> <!-- pk_Selenium.Calling_DB_BaseClass -->
    </test> <!-- Default test -->
  </suite> <!-- Default suite -->
</testng-results>
